This file contains any messages produced by compilers while
running configure, to aid debugging if configure makes a mistake.

It was created by geoclue configure 0.12.99, which was
generated by GNU Autoconf 2.68.  Invocation command line was

  $ ./configure --prefix=/usr

## --------- ##
## Platform. ##
## --------- ##

hostname = runnervmwffz4
uname -m = x86_64
uname -r = 6.11.0-1018-azure
uname -s = Linux
uname -v = #18~24.04.1-Ubuntu SMP Sat Jun 28 04:46:03 UTC 2025

/usr/bin/uname -p = x86_64
/bin/uname -X     = unknown

/bin/arch              = x86_64
/usr/bin/arch -k       = unknown
/usr/convex/getsysinfo = unknown
/usr/bin/hostinfo      = unknown
/bin/machine           = unknown
/usr/bin/oslevel       = unknown
/bin/universe          = unknown

PATH: /home/runner/work/geoclue/.codeql-scratch/dbs/cpp/working/autobuild/bin
PATH: /home/runner/work/_temp/ghcca-node/node/bin
PATH: /snap/bin
PATH: /home/runner/.local/bin
PATH: /opt/pipx_bin
PATH: /home/runner/.cargo/bin
PATH: /home/runner/.config/composer/vendor/bin
PATH: /usr/local/.ghcup/bin
PATH: /home/runner/.dotnet/tools
PATH: /usr/local/sbin
PATH: /usr/local/bin
PATH: /usr/sbin
PATH: /usr/bin
PATH: /sbin
PATH: /bin
PATH: /usr/games
PATH: /usr/local/games
PATH: /snap/bin


## ----------- ##
## Core tests. ##
## ----------- ##

configure:2286: checking for a BSD-compatible install
configure:2354: result: /usr/bin/install -c
configure:2365: checking whether build environment is sane
configure:2415: result: yes
configure:2556: checking for a thread-safe mkdir -p
configure:2595: result: /usr/bin/mkdir -p
configure:2608: checking for gawk
configure:2624: found /usr/bin/gawk
configure:2635: result: gawk
configure:2646: checking whether make sets $(MAKE)
configure:2668: result: yes
configure:2762: checking whether make supports nested variables
configure:2779: result: yes
configure:2839: checking for gcc
configure:2855: found /home/runner/work/geoclue/.codeql-scratch/dbs/cpp/working/autobuild/bin/gcc
configure:2866: result: gcc
configure:3095: checking for C compiler version
configure:3104: gcc --version >&5
gcc (Ubuntu 13.3.0-6ubuntu2~24.04) 13.3.0
Copyright (C) 2023 Free Software Foundation, Inc.
This is free software; see the source for copying conditions.  There is NO
warranty; not even for MERCHANTABILITY or FITNESS FOR A PARTICULAR PURPOSE.

configure:3115: $? = 0
configure:3104: gcc -v >&5
Using built-in specs.
COLLECT_GCC=/usr/bin/gcc
COLLECT_LTO_WRAPPER=/usr/libexec/gcc/x86_64-linux-gnu/13/lto-wrapper
OFFLOAD_TARGET_NAMES=nvptx-none:amdgcn-amdhsa
OFFLOAD_TARGET_DEFAULT=1
Target: x86_64-linux-gnu
Configured with: ../src/configure -v --with-pkgversion='Ubuntu 13.3.0-6ubuntu2~24.04' --with-bugurl=file:///usr/share/doc/gcc-13/README.Bugs --enable-languages=c,ada,c++,go,d,fortran,objc,obj-c++,m2 --prefix=/usr --with-gcc-major-version-only --program-suffix=-13 --program-prefix=x86_64-linux-gnu- --enable-shared --enable-linker-build-id --libexecdir=/usr/libexec --without-included-gettext --enable-threads=posix --libdir=/usr/lib --enable-nls --enable-bootstrap --enable-clocale=gnu --enable-libstdcxx-debug --enable-libstdcxx-time=yes --with-default-libstdcxx-abi=new --enable-libstdcxx-backtrace --enable-gnu-unique-object --disable-vtable-verify --enable-plugin --enable-default-pie --with-system-zlib --enable-libphobos-checking=release --with-target-system-zlib=auto --enable-objc-gc=auto --enable-multiarch --disable-werror --enable-cet --with-arch-32=i686 --with-abi=m64 --with-multilib-list=m32,m64,mx32 --enable-multilib --with-tune=generic --enable-offload-targets=nvptx-none=/build/gcc-13-fG75Ri/gcc-13-13.3.0/debian/tmp-nvptx/usr,amdgcn-amdhsa=/build/gcc-13-fG75Ri/gcc-13-13.3.0/debian/tmp-gcn/usr --enable-offload-defaulted --without-cuda-driver --enable-checking=release --build=x86_64-linux-gnu --host=x86_64-linux-gnu --target=x86_64-linux-gnu --with-build-config=bootstrap-lto-lean --enable-link-serialization=2
Thread model: posix
Supported LTO compression algorithms: zlib zstd
gcc version 13.3.0 (Ubuntu 13.3.0-6ubuntu2~24.04) 
... rest of stderr output deleted ...
configure:3115: $? = 0
configure:3104: gcc -V >&5
gcc: error: unrecognized command-line option '-V'
gcc: fatal error: no input files
compilation terminated.
configure:3115: $? = 1
configure:3104: gcc -qversion >&5
gcc: error: unrecognized command-line option '-qversion'; did you mean '--version'?
gcc: fatal error: no input files
compilation terminated.
configure:3115: $? = 1
configure:3135: checking whether the C compiler works
configure:3157: gcc    conftest.c  >&5
configure:3161: $? = 0
configure:3209: result: yes
configure:3212: checking for C compiler default output file name
configure:3214: result: a.out
configure:3220: checking for suffix of executables
configure:3227: gcc -o conftest    conftest.c  >&5
configure:3231: $? = 0
configure:3253: result: 
configure:3275: checking whether we are cross compiling
configure:3283: gcc -o conftest    conftest.c  >&5
configure:3287: $? = 0
configure:3294: ./conftest
configure:3298: $? = 0
configure:3313: result: no
configure:3318: checking for suffix of object files
configure:3340: gcc -c   conftest.c >&5
configure:3344: $? = 0
configure:3365: result: o
configure:3369: checking whether we are using the GNU C compiler
configure:3388: gcc -c   conftest.c >&5
configure:3388: $? = 0
configure:3397: result: yes
configure:3406: checking whether gcc accepts -g
configure:3426: gcc -c -g  conftest.c >&5
configure:3426: $? = 0
configure:3467: result: yes
configure:3484: checking for gcc option to accept ISO C89
configure:3548: gcc  -c -g -O2  conftest.c >&5
configure:3548: $? = 0
configure:3561: result: none needed
configure:3592: checking for style of include used by make
configure:3620: result: GNU
configure:3646: checking dependency style of gcc
configure:3757: result: gcc3
configure:3773: checking for library containing strerror
configure:3804: gcc -o conftest -g -O2   conftest.c  >&5
configure:3804: $? = 0
configure:3821: result: none required
configure:3831: checking whether ln -s works
configure:3835: result: yes
configure:3842: checking whether make sets $(MAKE)
configure:3864: result: yes
configure:3878: checking how to run the C preprocessor
configure:3909: gcc -E  conftest.c
configure:3909: $? = 0
configure:3923: gcc -E  conftest.c
conftest.c:11:10: fatal error: ac_nonexistent.h: No such file or directory
   11 | #include <ac_nonexistent.h>
      |          ^~~~~~~~~~~~~~~~~~
compilation terminated.
configure:3923: $? = 1
configure: failed program was:
| /* confdefs.h */
| #define PACKAGE_NAME "geoclue"
| #define PACKAGE_TARNAME "geoclue"
| #define PACKAGE_VERSION "0.12.99"
| #define PACKAGE_STRING "geoclue 0.12.99"
| #define PACKAGE_BUGREPORT "http://geoclue.freedesktop.org"
| #define PACKAGE_URL ""
| #define PACKAGE "geoclue"
| #define VERSION "0.12.99"
| /* end confdefs.h.  */
| #include <ac_nonexistent.h>
configure:3948: result: gcc -E
configure:3968: gcc -E  conftest.c
configure:3968: $? = 0
configure:3982: gcc -E  conftest.c
conftest.c:11:10: fatal error: ac_nonexistent.h: No such file or directory
   11 | #include <ac_nonexistent.h>
      |          ^~~~~~~~~~~~~~~~~~
compilation terminated.
configure:3982: $? = 1
configure: failed program was:
| /* confdefs.h */
| #define PACKAGE_NAME "geoclue"
| #define PACKAGE_TARNAME "geoclue"
| #define PACKAGE_VERSION "0.12.99"
| #define PACKAGE_STRING "geoclue 0.12.99"
| #define PACKAGE_BUGREPORT "http://geoclue.freedesktop.org"
| #define PACKAGE_URL ""
| #define PACKAGE "geoclue"
| #define VERSION "0.12.99"
| /* end confdefs.h.  */
| #include <ac_nonexistent.h>
configure:4011: checking for grep that handles long lines and -e
configure:4069: result: /usr/bin/grep
configure:4074: checking for egrep
configure:4136: result: /usr/bin/grep -E
configure:4142: checking whether gcc needs -traditional
configure:4176: result: no
configure:4212: checking build system type
configure:4226: result: x86_64-unknown-linux-gnu
configure:4246: checking host system type
configure:4259: result: x86_64-unknown-linux-gnu
configure:4300: checking how to print strings
configure:4327: result: printf
configure:4348: checking for a sed that does not truncate output
configure:4412: result: /usr/bin/sed
configure:4430: checking for fgrep
configure:4492: result: /usr/bin/grep -F
configure:4527: checking for ld used by gcc
configure:4594: result: /usr/bin/ld
configure:4601: checking if the linker (/usr/bin/ld) is GNU ld
configure:4616: result: yes
configure:4628: checking for BSD- or MS-compatible name lister (nm)
configure:4677: result: /usr/bin/nm -B
configure:4807: checking the name lister (/usr/bin/nm -B) interface
configure:4814: gcc -c -g -O2  conftest.c >&5
configure:4817: /usr/bin/nm -B "conftest.o"
configure:4820: output
0000000000000000 B some_variable
configure:4827: result: BSD nm
configure:4831: checking the maximum length of command line arguments
configure:4961: result: 3145728
configure:4978: checking whether the shell understands some XSI constructs
configure:4988: result: yes
configure:4992: checking whether the shell understands "+="
configure:4998: result: yes
configure:5033: checking how to convert x86_64-unknown-linux-gnu file names to x86_64-unknown-linux-gnu format
configure:5073: result: func_convert_file_noop
configure:5080: checking how to convert x86_64-unknown-linux-gnu file names to toolchain format
configure:5100: result: func_convert_file_noop
configure:5107: checking for /usr/bin/ld option to reload object files
configure:5114: result: -r
configure:5188: checking for objdump
configure:5204: found /usr/bin/objdump
configure:5215: result: objdump
configure:5247: checking how to recognize dependent libraries
configure:5449: result: pass_all
configure:5534: checking for dlltool
configure:5564: result: no
configure:5594: checking how to associate runtime and link libraries
configure:5621: result: printf %s\n
configure:5681: checking for ar
configure:5697: found /usr/bin/ar
configure:5708: result: ar
configure:5745: checking for archiver @FILE support
configure:5762: gcc -c -g -O2  conftest.c >&5
configure:5762: $? = 0
configure:5765: ar cru libconftest.a @conftest.lst >&5
ar: `u' modifier ignored since `D' is the default (see `U')
configure:5768: $? = 0
configure:5773: ar cru libconftest.a @conftest.lst >&5
ar: `u' modifier ignored since `D' is the default (see `U')
ar: conftest.o: No such file or directory
configure:5776: $? = 1
configure:5788: result: @
configure:5846: checking for strip
configure:5862: found /usr/bin/strip
configure:5873: result: strip
configure:5945: checking for ranlib
configure:5961: found /usr/bin/ranlib
configure:5972: result: ranlib
configure:6074: checking command to parse /usr/bin/nm -B output from gcc object
configure:6194: gcc -c -g -O2  conftest.c >&5
configure:6197: $? = 0
configure:6201: /usr/bin/nm -B conftest.o \| sed -n -e 's/^.*[ ]\([ABCDGIRSTW][ABCDGIRSTW]*\)[ ][ ]*\([_A-Za-z][_A-Za-z0-9]*\)$/\1 \2 \2/p' | sed '/ __gnu_lto/d' \> conftest.nm
configure:6204: $? = 0
configure:6270: gcc -o conftest -g -O2   conftest.c conftstm.o >&5
configure:6273: $? = 0
configure:6311: result: ok
configure:6348: checking for sysroot
configure:6378: result: no
configure:6455: gcc -c -g -O2  conftest.c >&5
configure:6458: $? = 0
configure:6634: checking for mt
configure:6650: found /usr/bin/mt
configure:6661: result: mt
configure:6684: checking if mt is a manifest tool
configure:6690: mt '-?'
configure:6698: result: no
configure:7335: checking for ANSI C header files
configure:7355: gcc -c -g -O2  conftest.c >&5
configure:7355: $? = 0
configure:7428: gcc -o conftest -g -O2   conftest.c  >&5
configure:7428: $? = 0
configure:7428: ./conftest
configure:7428: $? = 0
configure:7439: result: yes
configure:7452: checking for sys/types.h
configure:7452: gcc -c -g -O2  conftest.c >&5
configure:7452: $? = 0
configure:7452: result: yes
configure:7452: checking for sys/stat.h
configure:7452: gcc -c -g -O2  conftest.c >&5
configure:7452: $? = 0
configure:7452: result: yes
configure:7452: checking for stdlib.h
configure:7452: gcc -c -g -O2  conftest.c >&5
configure:7452: $? = 0
configure:7452: result: yes
configure:7452: checking for string.h
configure:7452: gcc -c -g -O2  conftest.c >&5
configure:7452: $? = 0
configure:7452: result: yes
configure:7452: checking for memory.h
configure:7452: gcc -c -g -O2  conftest.c >&5
configure:7452: $? = 0
configure:7452: result: yes
configure:7452: checking for strings.h
configure:7452: gcc -c -g -O2  conftest.c >&5
configure:7452: $? = 0
configure:7452: result: yes
configure:7452: checking for inttypes.h
configure:7452: gcc -c -g -O2  conftest.c >&5
configure:7452: $? = 0
configure:7452: result: yes
configure:7452: checking for stdint.h
configure:7452: gcc -c -g -O2  conftest.c >&5
configure:7452: $? = 0
configure:7452: result: yes
configure:7452: checking for unistd.h
configure:7452: gcc -c -g -O2  conftest.c >&5
configure:7452: $? = 0
configure:7452: result: yes
configure:7466: checking for dlfcn.h
configure:7466: gcc -c -g -O2  conftest.c >&5
configure:7466: $? = 0
configure:7466: result: yes
configure:7672: checking for objdir
configure:7687: result: .libs
configure:7954: checking if gcc supports -fno-rtti -fno-exceptions
configure:7972: gcc -c -g -O2  -fno-rtti -fno-exceptions conftest.c >&5
cc1: warning: command-line option '-fno-rtti' is valid for C++/D/ObjC++ but not for C
configure:7976: $? = 0
configure:7989: result: no
configure:8316: checking for gcc option to produce PIC
configure:8323: result: -fPIC -DPIC
configure:8331: checking if gcc PIC flag -fPIC -DPIC works
configure:8349: gcc -c -g -O2  -fPIC -DPIC -DPIC conftest.c >&5
configure:8353: $? = 0
configure:8366: result: yes
configure:8395: checking if gcc static flag -static works
configure:8423: result: yes
configure:8438: checking if gcc supports -c -o file.o
configure:8459: gcc -c -g -O2  -o out/conftest2.o conftest.c >&5
configure:8463: $? = 0
configure:8485: result: yes
configure:8493: checking if gcc supports -c -o file.o
configure:8540: result: yes
configure:8573: checking whether the gcc linker (/usr/bin/ld -m elf_x86_64) supports shared libraries
configure:9726: result: yes
configure:9763: checking whether -lc should be explicitly linked in
configure:9771: gcc -c -g -O2  conftest.c >&5
configure:9774: $? = 0
configure:9789: gcc -shared  -fPIC -DPIC conftest.o  -v -Wl,-soname -Wl,conftest -o conftest 2\>\&1 \| /usr/bin/grep  -lc  \>/dev/null 2\>\&1
configure:9792: $? = 0
configure:9806: result: no
configure:9966: checking dynamic linker characteristics
configure:10477: gcc -o conftest -g -O2   -Wl,-rpath -Wl,/foo conftest.c  >&5
configure:10477: $? = 0
configure:10703: result: GNU/Linux ld.so
configure:10810: checking how to hardcode library paths into programs
configure:10835: result: immediate
configure:11375: checking whether stripping libraries is possible
configure:11380: result: yes
configure:11415: checking if libtool supports shared libraries
configure:11417: result: yes
configure:11420: checking whether to build shared libraries
configure:11441: result: yes
configure:11444: checking whether to build static libraries
configure:11448: result: yes
configure:11550: checking for pkg-config
configure:11568: found /usr/bin/pkg-config
configure:11580: result: /usr/bin/pkg-config
configure:11605: checking pkg-config is at least version 0.16
configure:11608: result: yes
configure:11664: error: glib-compile-schemas not found.

## ---------------- ##
## Cache variables. ##
## ---------------- ##

ac_cv_build=x86_64-unknown-linux-gnu
ac_cv_c_compiler_gnu=yes
ac_cv_env_CC_set=
ac_cv_env_CC_value=
ac_cv_env_CFLAGS_set=
ac_cv_env_CFLAGS_value=
ac_cv_env_CONIC_CFLAGS_set=
ac_cv_env_CONIC_CFLAGS_value=
ac_cv_env_CONIC_LIBS_set=
ac_cv_env_CONIC_LIBS_value=
ac_cv_env_CPPFLAGS_set=
ac_cv_env_CPPFLAGS_value=
ac_cv_env_CPP_set=
ac_cv_env_CPP_value=
ac_cv_env_GEOCLUE_CFLAGS_set=
ac_cv_env_GEOCLUE_CFLAGS_value=
ac_cv_env_GEOCLUE_LIBS_set=
ac_cv_env_GEOCLUE_LIBS_value=
ac_cv_env_GPSD_CFLAGS_set=
ac_cv_env_GPSD_CFLAGS_value=
ac_cv_env_GPSD_LIBS_set=
ac_cv_env_GPSD_LIBS_value=
ac_cv_env_GTKDOC_DEPS_CFLAGS_set=
ac_cv_env_GTKDOC_DEPS_CFLAGS_value=
ac_cv_env_GTKDOC_DEPS_LIBS_set=
ac_cv_env_GTKDOC_DEPS_LIBS_value=
ac_cv_env_GTK_CFLAGS_set=
ac_cv_env_GTK_CFLAGS_value=
ac_cv_env_GTK_LIBS_set=
ac_cv_env_GTK_LIBS_value=
ac_cv_env_GYPSY_CFLAGS_set=
ac_cv_env_GYPSY_CFLAGS_value=
ac_cv_env_GYPSY_LIBS_set=
ac_cv_env_GYPSY_LIBS_value=
ac_cv_env_LDFLAGS_set=
ac_cv_env_LDFLAGS_value=
ac_cv_env_LIBS_set=
ac_cv_env_LIBS_value=
ac_cv_env_MASTER_CFLAGS_set=
ac_cv_env_MASTER_CFLAGS_value=
ac_cv_env_MASTER_LIBS_set=
ac_cv_env_MASTER_LIBS_value=
ac_cv_env_NETWORK_MANAGER_CFLAGS_set=
ac_cv_env_NETWORK_MANAGER_CFLAGS_value=
ac_cv_env_NETWORK_MANAGER_LIBS_set=
ac_cv_env_NETWORK_MANAGER_LIBS_value=
ac_cv_env_PKG_CONFIG_LIBDIR_set=
ac_cv_env_PKG_CONFIG_LIBDIR_value=
ac_cv_env_PKG_CONFIG_PATH_set=
ac_cv_env_PKG_CONFIG_PATH_value=
ac_cv_env_PKG_CONFIG_set=
ac_cv_env_PKG_CONFIG_value=
ac_cv_env_SKYHOOK_CFLAGS_set=
ac_cv_env_SKYHOOK_CFLAGS_value=
ac_cv_env_SKYHOOK_LIBS_set=
ac_cv_env_SKYHOOK_LIBS_value=
ac_cv_env_build_alias_set=
ac_cv_env_build_alias_value=
ac_cv_env_host_alias_set=
ac_cv_env_host_alias_value=
ac_cv_env_target_alias_set=
ac_cv_env_target_alias_value=
ac_cv_header_dlfcn_h=yes
ac_cv_header_inttypes_h=yes
ac_cv_header_memory_h=yes
ac_cv_header_stdc=yes
ac_cv_header_stdint_h=yes
ac_cv_header_stdlib_h=yes
ac_cv_header_string_h=yes
ac_cv_header_strings_h=yes
ac_cv_header_sys_stat_h=yes
ac_cv_header_sys_types_h=yes
ac_cv_header_unistd_h=yes
ac_cv_host=x86_64-unknown-linux-gnu
ac_cv_objext=o
ac_cv_path_EGREP='/usr/bin/grep -E'
ac_cv_path_FGREP='/usr/bin/grep -F'
ac_cv_path_GREP=/usr/bin/grep
ac_cv_path_SED=/usr/bin/sed
ac_cv_path_ac_pt_PKG_CONFIG=/usr/bin/pkg-config
ac_cv_path_install='/usr/bin/install -c'
ac_cv_path_mkdir=/usr/bin/mkdir
ac_cv_prog_AWK=gawk
ac_cv_prog_CPP='gcc -E'
ac_cv_prog_ac_ct_AR=ar
ac_cv_prog_ac_ct_CC=gcc
ac_cv_prog_ac_ct_MANIFEST_TOOL=mt
ac_cv_prog_ac_ct_OBJDUMP=objdump
ac_cv_prog_ac_ct_RANLIB=ranlib
ac_cv_prog_ac_ct_STRIP=strip
ac_cv_prog_cc_c89=
ac_cv_prog_cc_g=yes
ac_cv_prog_gcc_traditional=no
ac_cv_prog_make_make_set=yes
ac_cv_search_strerror='none required'
am_cv_CC_dependencies_compiler_type=gcc3
am_cv_make_support_nested_variables=yes
lt_cv_ar_at_file=@
lt_cv_archive_cmds_need_lc=no
lt_cv_deplibs_check_method=pass_all
lt_cv_file_magic_cmd='$MAGIC_CMD'
lt_cv_file_magic_test_file=
lt_cv_ld_reload_flag=-r
lt_cv_nm_interface='BSD nm'
lt_cv_objdir=.libs
lt_cv_path_LD=/usr/bin/ld
lt_cv_path_NM='/usr/bin/nm -B'
lt_cv_path_mainfest_tool=no
lt_cv_prog_compiler_c_o=yes
lt_cv_prog_compiler_pic='-fPIC -DPIC'
lt_cv_prog_compiler_pic_works=yes
lt_cv_prog_compiler_rtti_exceptions=no
lt_cv_prog_compiler_static_works=yes
lt_cv_prog_gnu_ld=yes
lt_cv_sharedlib_from_linklib_cmd='printf %s\n'
lt_cv_shlibpath_overrides_runpath=yes
lt_cv_sys_global_symbol_pipe='sed -n -e '\''s/^.*[	 ]\([ABCDGIRSTW][ABCDGIRSTW]*\)[	 ][	 ]*\([_A-Za-z][_A-Za-z0-9]*\)$/\1 \2 \2/p'\'' | sed '\''/ __gnu_lto/d'\'''
lt_cv_sys_global_symbol_to_c_name_address='sed -n -e '\''s/^: \([^ ]*\)[ ]*$/  {\"\1\", (void *) 0},/p'\'' -e '\''s/^[ABCDGIRSTW]* \([^ ]*\) \([^ ]*\)$/  {"\2", (void *) \&\2},/p'\'''
lt_cv_sys_global_symbol_to_c_name_address_lib_prefix='sed -n -e '\''s/^: \([^ ]*\)[ ]*$/  {\"\1\", (void *) 0},/p'\'' -e '\''s/^[ABCDGIRSTW]* \([^ ]*\) \(lib[^ ]*\)$/  {"\2", (void *) \&\2},/p'\'' -e '\''s/^[ABCDGIRSTW]* \([^ ]*\) \([^ ]*\)$/  {"lib\2", (void *) \&\2},/p'\'''
lt_cv_sys_global_symbol_to_cdecl='sed -n -e '\''s/^T .* \(.*\)$/extern int \1();/p'\'' -e '\''s/^[ABCDGIRSTW]* .* \(.*\)$/extern char \1;/p'\'''
lt_cv_sys_max_cmd_len=3145728
lt_cv_to_host_file_cmd=func_convert_file_noop
lt_cv_to_tool_file_cmd=func_convert_file_noop

## ----------------- ##
## Output variables. ##
## ----------------- ##

ACLOCAL='${SHELL} /home/runner/work/geoclue/geoclue/missing --run aclocal-1.11'
AMDEPBACKSLASH='\'
AMDEP_FALSE='#'
AMDEP_TRUE=''
AMTAR='$${TAR-tar}'
AM_BACKSLASH='\'
AM_DEFAULT_V='$(AM_DEFAULT_VERBOSITY)'
AM_DEFAULT_VERBOSITY='0'
AM_V='$(V)'
AR='ar'
AUTOCONF='${SHELL} /home/runner/work/geoclue/geoclue/missing --run autoconf'
AUTOHEADER='${SHELL} /home/runner/work/geoclue/geoclue/missing --run autoheader'
AUTOMAKE='${SHELL} /home/runner/work/geoclue/geoclue/missing --run automake-1.11'
AWK='gawk'
BUILD_TESTS=''
CC='gcc'
CCDEPMODE='depmode=gcc3'
CFLAGS='-g -O2'
CONIC_CFLAGS=''
CONIC_LIBS=''
CONNECTIVITY_CFLAGS=''
CONNECTIVITY_LIBS=''
CPP='gcc -E'
CPPFLAGS=''
CYGPATH_W='echo'
DBUS_BINDING_TOOL=''
DBUS_SERVICES_DIR=''
DEFS=''
DEPDIR='.deps'
DLLTOOL='false'
DSYMUTIL=''
DUMPBIN=''
ECHO_C=''
ECHO_N='-n'
ECHO_T=''
EGREP='/usr/bin/grep -E'
ENABLE_GTK_DOC_FALSE=''
ENABLE_GTK_DOC_TRUE=''
EXEEXT=''
FGREP='/usr/bin/grep -F'
GEOCLUE_CFLAGS=''
GEOCLUE_LIBS=''
GLIB_COMPILE_SCHEMAS=''
GLIB_GENMARSHAL=''
GPSD_CFLAGS=''
GPSD_LIBS=''
GREP='/usr/bin/grep'
GSETTINGS_DISABLE_SCHEMAS_COMPILE=''
GSETTINGS_RULES=''
GTKDOC_CHECK=''
GTKDOC_DEPS_CFLAGS=''
GTKDOC_DEPS_LIBS=''
GTKDOC_MKPDF=''
GTKDOC_REBASE=''
GTK_CFLAGS=''
GTK_DOC_BUILD_HTML_FALSE=''
GTK_DOC_BUILD_HTML_TRUE=''
GTK_DOC_BUILD_PDF_FALSE=''
GTK_DOC_BUILD_PDF_TRUE=''
GTK_DOC_USE_LIBTOOL_FALSE=''
GTK_DOC_USE_LIBTOOL_TRUE=''
GTK_DOC_USE_REBASE_FALSE=''
GTK_DOC_USE_REBASE_TRUE=''
GTK_LIBS=''
GYPSY_CFLAGS=''
GYPSY_LIBS=''
HAVE_GTK_FALSE=''
HAVE_GTK_TRUE=''
HTML_DIR=''
INSTALL_DATA='${INSTALL} -m 644'
INSTALL_PROGRAM='${INSTALL}'
INSTALL_SCRIPT='${INSTALL}'
INSTALL_STRIP_PROGRAM='$(install_sh) -c -s'
LD='/usr/bin/ld -m elf_x86_64'
LDFLAGS=''
LIBOBJS=''
LIBS=''
LIBTOOL='$(SHELL) $(top_builddir)/libtool'
LIPO=''
LN_S='ln -s'
LTLIBOBJS=''
MAKEINFO='${SHELL} /home/runner/work/geoclue/geoclue/missing --run makeinfo'
MANIFEST_TOOL=':'
MASTER_CFLAGS=''
MASTER_LIBS=''
MKDIR_P='/usr/bin/mkdir -p'
NETWORK_MANAGER_CFLAGS=''
NETWORK_MANAGER_LIBS=''
NM='/usr/bin/nm -B'
NMEDIT=''
NO_BUILD_PROVIDERS=''
OBJDUMP='objdump'
OBJEXT='o'
OTOOL64=''
OTOOL=''
PACKAGE='geoclue'
PACKAGE_BUGREPORT='http://geoclue.freedesktop.org'
PACKAGE_NAME='geoclue'
PACKAGE_STRING='geoclue 0.12.99'
PACKAGE_TARNAME='geoclue'
PACKAGE_URL=''
PACKAGE_VERSION='0.12.99'
PATH_SEPARATOR=':'
PKG_CONFIG='/usr/bin/pkg-config'
PKG_CONFIG_LIBDIR=''
PKG_CONFIG_PATH=''
PROVIDER_SUBDIRS=''
RANLIB='ranlib'
SED='/usr/bin/sed'
SET_MAKE=''
SHELL='/bin/bash'
SKYHOOK_CFLAGS=''
SKYHOOK_LIBS=''
STRIP='strip'
USE_SYSTEM_BUS_FALSE=''
USE_SYSTEM_BUS_TRUE=''
VERSION='0.12.99'
XSLT=''
ac_ct_AR='ar'
ac_ct_CC='gcc'
ac_ct_DUMPBIN=''
am__EXEEXT_FALSE=''
am__EXEEXT_TRUE=''
am__fastdepCC_FALSE='#'
am__fastdepCC_TRUE=''
am__include='include'
am__isrc=''
am__leading_dot='.'
am__nodep='_no'
am__quote=''
am__tar='$${TAR-tar} chof - "$$tardir"'
am__untar='$${TAR-tar} xf -'
bindir='${exec_prefix}/bin'
build='x86_64-unknown-linux-gnu'
build_alias=''
build_cpu='x86_64'
build_os='linux-gnu'
build_vendor='unknown'
datadir='${datarootdir}'
datarootdir='${prefix}/share'
docdir='${datarootdir}/doc/${PACKAGE_TARNAME}'
dvidir='${docdir}'
exec_prefix='NONE'
gsettingsschemadir='${datarootdir}/glib-2.0/schemas'
host='x86_64-unknown-linux-gnu'
host_alias=''
host_cpu='x86_64'
host_os='linux-gnu'
host_vendor='unknown'
htmldir='${docdir}'
includedir='${prefix}/include'
infodir='${datarootdir}/info'
install_sh='${SHELL} /home/runner/work/geoclue/geoclue/install-sh'
libdir='${exec_prefix}/lib'
libexecdir='${exec_prefix}/libexec'
localedir='${datarootdir}/locale'
localstatedir='${prefix}/var'
mandir='${datarootdir}/man'
mkdir_p='/usr/bin/mkdir -p'
oldincludedir='/usr/include'
pdfdir='${docdir}'
prefix='/usr'
program_transform_name='s,x,x,'
psdir='${docdir}'
sbindir='${exec_prefix}/sbin'
sharedstatedir='${prefix}/com'
sysconfdir='${prefix}/etc'
target_alias=''

## ----------- ##
## confdefs.h. ##
## ----------- ##

/* confdefs.h */
#define PACKAGE_NAME "geoclue"
#define PACKAGE_TARNAME "geoclue"
#define PACKAGE_VERSION "0.12.99"
#define PACKAGE_STRING "geoclue 0.12.99"
#define PACKAGE_BUGREPORT "http://geoclue.freedesktop.org"
#define PACKAGE_URL ""
#define PACKAGE "geoclue"
#define VERSION "0.12.99"
#define STDC_HEADERS 1
#define HAVE_SYS_TYPES_H 1
#define HAVE_SYS_STAT_H 1
#define HAVE_STDLIB_H 1
#define HAVE_STRING_H 1
#define HAVE_MEMORY_H 1
#define HAVE_STRINGS_H 1
#define HAVE_INTTYPES_H 1
#define HAVE_STDINT_H 1
#define HAVE_UNISTD_H 1
#define HAVE_DLFCN_H 1
#define LT_OBJDIR ".libs/"

configure: exit 1
